<?xml version="1.0" encoding="UTF-8"?>
<!-- Generated by org.testng.reporters.JUnitReportReporter -->
<testsuite hostname="DESKTOP-L9O47HF" failures="0" tests="1" name="practiceMaven.EditMOrg" time="0.004" errors="0" timestamp="2023-08-16T14:20:28 IST" skipped="0">
  <testcase classname="practiceMaven.EditMOrg" name="editOrg" time="0.004"/>
  <system-out/>
</testsuite> <!-- practiceMaven.EditMOrg -->
