<?xml version="1.0" encoding="UTF-8"?>
<!-- Generated by org.testng.reporters.JUnitReportReporter -->
<testsuite hostname="DESKTOP-L9O47HF" failures="0" tests="2" name="practiceMaven.CreateMOrg" time="0.022" errors="0" timestamp="2023-08-16T14:20:28 IST" skipped="0">
  <testcase classname="practiceMaven.CreateMOrg" name="createOrg" time="0.018"/>
  <system-out/>
  <testcase classname="practiceMaven.CreateMOrg" name="createOrgTwo" time="0.004"/>
  <system-out/>
</testsuite> <!-- practiceMaven.CreateMOrg -->
