<?xml version="1.0" encoding="UTF-8"?>
<!-- Generated by org.testng.reporters.JUnitReportReporter -->
<testsuite hostname="DESKTOP-L9O47HF" failures="0" tests="1" name="practiceMaven.ModifyMOrg" time="0.006" errors="0" timestamp="2023-08-16T14:20:28 IST" skipped="0">
  <testcase classname="practiceMaven.ModifyMOrg" name="modifyOrg" time="0.006"/>
  <system-out/>
</testsuite> <!-- practiceMaven.ModifyMOrg -->
