<?xml version="1.0" encoding="UTF-8"?>
<!-- Generated by org.testng.reporters.JUnitReportReporter -->
<testsuite hostname="DESKTOP-L9O47HF" failures="0" tests="2" name="practiceMaven.LoginMOrg" time="0.005" errors="0" timestamp="2023-08-16T14:20:28 IST" skipped="0">
  <testcase classname="practiceMaven.LoginMOrg" name="loginOrg" time="0.002"/>
  <system-out/>
  <testcase classname="practiceMaven.LoginMOrg" name="loginOrgTwo" time="0.003"/>
  <system-out/>
</testsuite> <!-- practiceMaven.LoginMOrg -->
